<?xml version="1.0" encoding="UTF-8"?>
<!-- Generated by org.testng.reporters.JUnitXMLReporter -->
<testsuite hostname="admin-PC" name="Default test" tests="17" failures="0" timestamp="20 Jan 2020 17:14:46 GMT" time="428.872" errors="0">
  <testcase name="signOnTest" time="1.719" classname="com.NewTours_TestCases.NewTours_LoginPageTest"/>
  <testcase name="RegisterTest" time="1.779" classname="com.NewTours_TestCases.NewTours_LoginPageTest"/>
  <testcase name="SupportTest" time="1.191" classname="com.NewTours_TestCases.NewTours_LoginPageTest"/>
  <testcase name="ContactTest" time="1.656" classname="com.NewTours_TestCases.NewTours_LoginPageTest"/>
  <testcase name="HomeTest" time="1.52" classname="com.NewTours_TestCases.NewTours_LoginPageTest"/>
  <testcase name="FlightsTest" time="3.879" classname="com.NewTours_TestCases.NewTours_LoginPageTest"/>
  <testcase name="HotelsTest" time="2.039" classname="com.NewTours_TestCases.NewTours_LoginPageTest"/>
  <testcase name="CarRentalsTest" time="1.597" classname="com.NewTours_TestCases.NewTours_LoginPageTest"/>
  <testcase name="CruisesTest" time="2.172" classname="com.NewTours_TestCases.NewTours_LoginPageTest"/>
  <testcase name="DestinationsTest" time="2.302" classname="com.NewTours_TestCases.NewTours_LoginPageTest"/>
  <testcase name="VacationsTest" time="1.453" classname="com.NewTours_TestCases.NewTours_LoginPageTest"/>
  <testcase name="YourDestinationTest" time="1.428" classname="com.NewTours_TestCases.NewTours_LoginPageTest"/>
  <testcase name="FeaturedVacationsTest" time="1.763" classname="com.NewTours_TestCases.NewTours_LoginPageTest"/>
  <testcase name="RegisterHereTest" time="1.848" classname="com.NewTours_TestCases.NewTours_LoginPageTest"/>
  <testcase name="BusinessTravelLinkTest" time="0.974" classname="com.NewTours_TestCases.NewTours_LoginPageTest"/>
  <testcase name="SalonTravelLinkTest" time="36.446" classname="com.NewTours_TestCases.NewTours_LoginPageTest"/>
  <testcase name="findAFlightsTest" time="222.388" classname="com.NewTours_TestCases.NewTours_LoginPageTest"/>
</testsuite> <!-- Default test -->
