<?xml version="1.0" encoding="UTF-8"?>
<!-- Generated by org.testng.reporters.JUnitXMLReporter -->
<testsuite hostname="admin-PC" name="Default test" tests="5" failures="0" timestamp="29 Jan 2020 14:31:44 GMT" time="10.055" errors="0">
  <testcase name="loginPanel_Validation" time="2.823" classname="com.OHRM.LoginTest"/>
  <testcase name="AdminPagevalidation" time="0.171" classname="com.OHRM.LoginTest"/>
  <testcase name="AddEmployee" time="0.86" classname="com.OHRM.LoginTest"/>
  <testcase name="AddEmployeePagevalidation" time="0.084" classname="com.OHRM.LoginTest"/>
  <testcase name="AddEmployeeDetails" time="0.462" classname="com.OHRM.LoginTest"/>
</testsuite> <!-- Default test -->
