<?xml version="1.0" encoding="UTF-8"?>
<!-- Generated by org.testng.reporters.JUnitXMLReporter -->
<testsuite hostname="admin-PC" name="Default test" tests="3" failures="0" timestamp="20 Jan 2020 11:59:46 GMT" time="50.345" errors="0">
  <testcase name="signOnTest" time="1.168" classname="com.NewTours_TestCases.NewTours_LogInPageTest"/>
  <testcase name="registerTest" time="1.285" classname="com.NewTours_TestCases.NewTours_LogInPageTest"/>
  <testcase name="findAFlightTest" time="20.943" classname="com.NewTours_TestCases.NewTours_LogInPageTest"/>
</testsuite> <!-- Default test -->
