<?xml version="1.0" encoding="UTF-8"?>
<testng-results skipped="0" failed="0" total="1" passed="1">
  <reporter-output>
  </reporter-output>
  <suite name="Default suite" duration-ms="18567" started-at="2020-01-20T11:52:23Z" finished-at="2020-01-20T11:52:42Z">
    <groups>
    </groups>
    <test name="Default test" duration-ms="18567" started-at="2020-01-20T11:52:23Z" finished-at="2020-01-20T11:52:42Z">
      <class name="com.headerBlock.APSRTC_headerBlock_ElementNamesDisplay">
        <test-method status="PASS" signature="setUp()[pri:0, instance:com.headerBlock.APSRTC_headerBlock_ElementNamesDisplay@224edc67]" name="setUp" is-config="true" duration-ms="15876" started-at="2020-01-20T17:22:23Z" finished-at="2020-01-20T17:22:39Z">
          <reporter-output>
          </reporter-output>
        </test-method> <!-- setUp -->
        <test-method status="PASS" signature="headerBlock()[pri:1, instance:com.headerBlock.APSRTC_headerBlock_ElementNamesDisplay@224edc67]" name="headerBlock" duration-ms="782" started-at="2020-01-20T17:22:40Z" finished-at="2020-01-20T17:22:41Z">
          <reporter-output>
          </reporter-output>
        </test-method> <!-- headerBlock -->
        <test-method status="PASS" signature="tearDown()[pri:0, instance:com.headerBlock.APSRTC_headerBlock_ElementNamesDisplay@224edc67]" name="tearDown" is-config="true" duration-ms="1224" started-at="2020-01-20T17:22:41Z" finished-at="2020-01-20T17:22:42Z">
          <reporter-output>
          </reporter-output>
        </test-method> <!-- tearDown -->
      </class> <!-- com.headerBlock.APSRTC_headerBlock_ElementNamesDisplay -->
    </test> <!-- Default test -->
  </suite> <!-- Default suite -->
</testng-results>
