<?xml version="1.0" encoding="UTF-8"?>
<testng-results skipped="0" failed="0" total="5" passed="5">
  <reporter-output>
  </reporter-output>
  <suite name="Default suite" duration-ms="10055" started-at="2020-01-29T14:31:34Z" finished-at="2020-01-29T14:31:44Z">
    <groups>
    </groups>
    <test name="Default test" duration-ms="10055" started-at="2020-01-29T14:31:34Z" finished-at="2020-01-29T14:31:44Z">
      <class name="com.OHRM.LoginTest">
        <test-method status="PASS" signature="setUP()[pri:0, instance:com.OHRM.LoginTest@5b275dab]" name="setUP" is-config="true" duration-ms="5601" started-at="2020-01-29T20:01:34Z" finished-at="2020-01-29T20:01:40Z">
          <reporter-output>
          </reporter-output>
        </test-method> <!-- setUP -->
        <test-method status="PASS" signature="loginPanel_Validation()[pri:1, instance:com.OHRM.LoginTest@5b275dab]" name="loginPanel_Validation" duration-ms="2823" started-at="2020-01-29T20:01:40Z" finished-at="2020-01-29T20:01:42Z">
          <reporter-output>
          </reporter-output>
        </test-method> <!-- loginPanel_Validation -->
        <test-method status="PASS" signature="AdminPagevalidation()[pri:2, instance:com.OHRM.LoginTest@5b275dab]" name="AdminPagevalidation" duration-ms="171" started-at="2020-01-29T20:01:42Z" finished-at="2020-01-29T20:01:43Z">
          <reporter-output>
          </reporter-output>
        </test-method> <!-- AdminPagevalidation -->
        <test-method status="PASS" signature="AddEmployee()[pri:3, instance:com.OHRM.LoginTest@5b275dab]" name="AddEmployee" duration-ms="860" started-at="2020-01-29T20:01:43Z" finished-at="2020-01-29T20:01:44Z">
          <reporter-output>
          </reporter-output>
        </test-method> <!-- AddEmployee -->
        <test-method status="PASS" signature="AddEmployeePagevalidation()[pri:4, instance:com.OHRM.LoginTest@5b275dab]" name="AddEmployeePagevalidation" duration-ms="84" started-at="2020-01-29T20:01:44Z" finished-at="2020-01-29T20:01:44Z">
          <reporter-output>
          </reporter-output>
        </test-method> <!-- AddEmployeePagevalidation -->
        <test-method status="PASS" signature="AddEmployeeDetails()[pri:5, instance:com.OHRM.LoginTest@5b275dab]" name="AddEmployeeDetails" duration-ms="462" started-at="2020-01-29T20:01:44Z" finished-at="2020-01-29T20:01:44Z">
          <reporter-output>
          </reporter-output>
        </test-method> <!-- AddEmployeeDetails -->
      </class> <!-- com.OHRM.LoginTest -->
    </test> <!-- Default test -->
  </suite> <!-- Default suite -->
</testng-results>
